{
  "RSpec": {
    "coverage": {
      "/Users/nanagarajan/Desktop/dynamicdesign/config/environment.rb": {
        "lines": [
          null,
          null,
          null,
          1,
          null,
          null,
          1
        ],
        "branches": {
        }
      },
      "/Users/nanagarajan/Desktop/dynamicdesign/config/application.rb": {
        "lines": [
          null,
          null,
          1,
          null,
          1,
          null,
          null,
          null,
          2,
          null,
          null,
          null,
          null,
          1,
          null,
          1,
          null,
          null,
          null,
          1,
          null,
          1,
          null,
          null,
          null,
          null,
          1,
          null,
          null,
          null,
          null,
          null,
          null,
          null,
          null,
          null,
          null
        ],
        "branches": {
        }
      },
      "/Users/nanagarajan/Desktop/dynamicdesign/config/boot.rb": {
        "lines": [
          null,
          null,
          1,
          null,
          1,
          1
        ],
        "branches": {
        }
      },
      "/Users/nanagarajan/Desktop/dynamicdesign/config/routes.rb": {
        "lines": [
          null,
          null,
          1,
          1,
          1,
          1,
          null,
          1,
          1,
          null,
          1,
          null,
          1,
          1,
          1,
          1,
          null,
          null,
          1,
          1,
          1,
          1,
          null,
          null,
          null,
          1,
          1,
          null,
          null,
          null,
          null,
          null,
          null,
          1,
          null,
          null,
          1,
          null
        ],
        "branches": {
        }
      },
      "/Users/nanagarajan/Desktop/dynamicdesign/app/models/architect.rb": {
        "lines": [
          null,
          null,
          null,
          null,
          null,
          1,
          null,
          null,
          1,
          1,
          null,
          1,
          1,
          1,
          null,
          null,
          1,
          null,
          null,
          1,
          null,
          1,
          null,
          null
        ],
        "branches": {
        }
      },
      "/Users/nanagarajan/Desktop/dynamicdesign/app/models/application_record.rb": {
        "lines": [
          null,
          null,
          null,
          null,
          null,
          1,
          1,
          null
        ],
        "branches": {
        }
      },
      "/Users/nanagarajan/Desktop/dynamicdesign/app/models/user.rb": {
        "lines": [
          null,
          null,
          null,
          null,
          null,
          1,
          1,
          1,
          1,
          1,
          null,
          1,
          1,
          null,
          null,
          1,
          null,
          null,
          1,
          null,
          null,
          null,
          1,
          null,
          null
        ],
        "branches": {
        }
      },
      "/Users/nanagarajan/Desktop/dynamicdesign/app/helpers/application_helper.rb": {
        "lines": [
          null,
          null,
          null,
          null,
          1,
          null
        ],
        "branches": {
        }
      },
      "/Users/nanagarajan/Desktop/dynamicdesign/app/helpers/bookings_helper.rb": {
        "lines": [
          null,
          null,
          null,
          null,
          1,
          null
        ],
        "branches": {
        }
      },
      "/Users/nanagarajan/Desktop/dynamicdesign/app/helpers/comments_helper.rb": {
        "lines": [
          null,
          null,
          null,
          null,
          1,
          null
        ],
        "branches": {
        }
      },
      "/Users/nanagarajan/Desktop/dynamicdesign/app/helpers/custom_helper.rb": {
        "lines": [
          null,
          null,
          null,
          null,
          1,
          null
        ],
        "branches": {
        }
      },
      "/Users/nanagarajan/Desktop/dynamicdesign/app/helpers/designs_helper.rb": {
        "lines": [
          null,
          null,
          null,
          null,
          1,
          null
        ],
        "branches": {
        }
      },
      "/Users/nanagarajan/Desktop/dynamicdesign/app/helpers/likes_helper.rb": {
        "lines": [
          null,
          null,
          null,
          null,
          1,
          null
        ],
        "branches": {
        }
      },
      "/Users/nanagarajan/Desktop/dynamicdesign/app/helpers/pagination_helper.rb": {
        "lines": [
          null,
          null,
          null,
          null,
          null,
          null,
          1,
          1,
          null
        ],
        "branches": {
        }
      },
      "/Users/nanagarajan/Desktop/dynamicdesign/app/controllers/architects_controller.rb": {
        "lines": [
          null,
          null,
          null,
          null,
          null,
          1,
          4,
          4,
          null,
          1,
          1,
          null,
          null,
          1,
          2,
          2,
          1,
          1,
          null,
          1,
          null,
          null,
          null,
          1,
          3,
          3,
          null,
          null,
          1,
          null,
          1,
          3,
          null,
          1,
          null,
          1,
          null,
          1,
          null,
          null,
          null,
          1,
          1,
          1,
          null,
          null,
          1,
          1,
          1,
          null,
          null,
          1,
          1,
          null,
          null,
          1,
          3,
          null,
          null
        ],
        "branches": {
          "[:if, 0, 16, 4, 21, 7]": {
            "[:then, 1, 17, 6, 18, 33]": 1,
            "[:else, 2, 20, 6, 20, 62]": 1
          },
          "[:case, 3, 32, 4, 39, 7]": {
            "[:when, 4, 34, 6, 34, 20]": 1,
            "[:when, 5, 36, 6, 36, 20]": 1,
            "[:else, 6, 38, 6, 38, 20]": 1
          }
        }
      },
      "/Users/nanagarajan/Desktop/dynamicdesign/app/controllers/application_controller.rb": {
        "lines": [
          null,
          null,
          null,
          null,
          null,
          null,
          1,
          1,
          null,
          1,
          null,
          1,
          null,
          null,
          1,
          0,
          0,
          0,
          0,
          null,
          null,
          null,
          null,
          1,
          0,
          0,
          null,
          null,
          0,
          0,
          null,
          null,
          null,
          null,
          1,
          0,
          0,
          null,
          null,
          0,
          0,
          null,
          null,
          null,
          null
        ],
        "branches": {
          "[:if, 0, 18, 4, 19, 36]": {
            "[:then, 1, 19, 6, 19, 36]": 0,
            "[:else, 2, 18, 4, 19, 36]": 0
          },
          "[:if, 3, 16, 4, 20, 7]": {
            "[:then, 4, 17, 6, 17, 31]": 0,
            "[:else, 5, 18, 4, 19, 36]": 0
          }
        }
      },
      "/Users/nanagarajan/Desktop/dynamicdesign/app/controllers/bookings_controller.rb": {
        "lines": [
          null,
          null,
          null,
          null,
          1,
          1,
          null,
          1,
          4,
          2,
          null,
          2,
          null,
          null,
          null,
          1,
          2,
          null,
          2,
          1,
          1,
          null,
          1,
          1,
          null,
          null,
          null,
          1,
          2,
          null,
          2,
          1,
          null,
          1,
          1,
          null,
          null,
          null,
          1,
          null,
          1,
          2,
          null,
          null,
          null,
          1,
          9,
          2,
          7,
          6,
          null,
          1,
          null,
          null,
          null
        ],
        "branches": {
          "[:if, 0, 9, 16, 13, 19]": {
            "[:then, 1, 10, 18, 10, 68]": 2,
            "[:else, 2, 12, 18, 12, 60]": 2
          },
          "[:if, 3, 19, 4, 25, 7]": {
            "[:then, 4, 20, 6, 21, 50]": 1,
            "[:else, 5, 23, 6, 24, 30]": 1
          },
          "[:if, 6, 31, 4, 36, 7]": {
            "[:then, 7, 32, 6, 32, 74]": 1,
            "[:else, 8, 34, 6, 35, 17]": 1
          },
          "[:if, 9, 49, 4, 52, 100]": {
            "[:then, 10, 50, 6, 50, 24]": 6,
            "[:else, 11, 52, 6, 52, 100]": 1
          },
          "[:if, 12, 47, 4, 53, 7]": {
            "[:then, 13, 48, 6, 48, 29]": 2,
            "[:else, 14, 49, 4, 52, 100]": 7
          }
        }
      },
      "/Users/nanagarajan/Desktop/dynamicdesign/app/controllers/comments_controller.rb": {
        "lines": [
          null,
          null,
          null,
          null,
          null,
          1,
          1,
          1,
          1,
          null,
          1,
          2,
          2,
          null,
          2,
          1,
          null,
          1,
          1,
          null,
          null,
          null,
          1,
          2,
          null,
          null,
          1,
          3,
          null,
          3,
          2,
          null,
          1,
          1,
          null,
          null,
          null,
          1,
          2,
          2,
          2,
          null,
          null,
          1,
          null,
          1,
          12,
          12,
          null,
          1,
          1,
          null,
          null,
          1,
          9,
          9,
          null,
          1,
          1,
          null,
          null,
          1,
          5,
          null,
          null,
          1,
          7,
          null,
          1,
          1,
          null,
          null
        ],
        "branches": {
          "[:if, 0, 15, 4, 20, 7]": {
            "[:then, 1, 16, 6, 16, 70]": 1,
            "[:else, 2, 18, 6, 19, 27]": 1
          },
          "[:if, 3, 30, 4, 35, 7]": {
            "[:then, 4, 31, 6, 31, 78]": 2,
            "[:else, 5, 33, 6, 34, 19]": 1
          },
          "[:if, 6, 48, 4, 48, 21]": {
            "[:then, 7, 48, 4, 48, 10]": 11,
            "[:else, 8, 48, 4, 48, 21]": 1
          },
          "[:if, 9, 56, 4, 56, 22]": {
            "[:then, 10, 56, 4, 56, 10]": 8,
            "[:else, 11, 56, 4, 56, 22]": 1
          },
          "[:if, 12, 67, 4, 67, 43]": {
            "[:then, 13, 67, 4, 67, 10]": 6,
            "[:else, 14, 67, 4, 67, 43]": 1
          }
        }
      },
      "/Users/nanagarajan/Desktop/dynamicdesign/app/controllers/designs_controller.rb": {
        "lines": [
          null,
          null,
          null,
          null,
          null,
          null,
          1,
          1,
          38,
          33,
          16,
          1,
          32,
          1,
          13,
          9,
          19,
          1,
          1,
          null,
          1,
          7,
          9,
          12,
          null,
          null,
          null,
          1,
          8,
          12,
          12,
          null,
          null,
          null,
          1,
          1,
          null,
          null,
          1,
          5,
          5,
          null,
          null,
          1,
          5,
          null,
          null,
          1,
          4,
          4,
          null,
          null,
          1,
          null,
          null,
          1,
          7,
          2,
          null,
          5,
          null,
          null,
          null,
          1,
          7,
          6,
          5,
          null,
          4,
          null,
          null,
          null,
          1,
          1,
          null,
          null,
          1,
          1,
          null,
          null,
          1,
          1,
          null,
          null,
          null,
          1,
          4,
          null,
          null,
          null,
          1,
          4,
          null,
          1,
          1,
          null,
          null,
          null,
          1,
          3,
          3,
          2,
          2,
          null,
          4,
          null,
          null,
          null,
          1,
          2,
          2,
          1,
          1,
          1,
          null,
          3,
          null,
          null,
          null,
          null,
          1,
          3,
          3,
          2,
          2,
          null,
          4,
          null,
          null,
          null,
          1,
          2,
          2,
          1,
          1,
          null,
          3,
          null,
          null,
          null,
          1,
          1,
          1,
          1,
          1,
          null,
          1,
          null,
          null,
          null,
          null,
          1,
          4,
          4,
          2,
          2,
          null,
          6,
          null,
          null,
          null,
          1,
          1,
          null,
          null,
          null,
          1,
          20,
          18,
          14,
          4,
          3,
          null,
          1,
          null,
          null,
          null,
          null,
          null,
          1,
          1,
          null,
          null,
          1,
          18,
          null,
          null,
          null,
          1,
          10,
          null,
          null,
          null
        ],
        "branches": {
          "[:if, 0, 41, 4, 41, 76]": {
            "[:then, 1, 41, 19, 41, 45]": 3,
            "[:else, 2, 41, 48, 41, 76]": 2
          },
          "[:if, 3, 45, 4, 45, 94]": {
            "[:then, 4, 45, 36, 45, 65]": 3,
            "[:else, 5, 45, 68, 45, 94]": 2
          },
          "[:if, 6, 57, 19, 61, 22]": {
            "[:then, 7, 58, 21, 58, 58]": 2,
            "[:else, 8, 60, 21, 60, 73]": 5
          },
          "[:if, 9, 67, 4, 69, 20]": {
            "[:then, 10, 67, 41, 67, 54]": 1,
            "[:else, 11, 69, 6, 69, 20]": 4
          },
          "[:if, 12, 66, 4, 69, 20]": {
            "[:then, 13, 66, 42, 66, 60]": 1,
            "[:else, 14, 67, 4, 69, 20]": 5
          },
          "[:if, 15, 65, 4, 70, 7]": {
            "[:then, 16, 65, 42, 65, 63]": 1,
            "[:else, 17, 66, 4, 69, 20]": 6
          },
          "[:unless, 18, 92, 4, 92, 30]": {
            "[:else, 19, 92, 4, 92, 30]": 1,
            "[:then, 20, 92, 4, 92, 10]": 3
          },
          "[:if, 21, 170, 8, 170, 74]": {
            "[:then, 22, 170, 8, 170, 36]": 13,
            "[:else, 23, 170, 8, 170, 74]": 1
          },
          "[:if, 24, 172, 8, 172, 70]": {
            "[:then, 25, 172, 8, 172, 32]": 2,
            "[:else, 26, 172, 8, 172, 70]": 1
          },
          "[:if, 27, 171, 6, 174, 23]": {
            "[:then, 28, 172, 8, 172, 70]": 3,
            "[:else, 29, 174, 8, 174, 23]": 1
          },
          "[:if, 30, 169, 6, 175, 9]": {
            "[:then, 31, 170, 8, 170, 74]": 14,
            "[:else, 32, 171, 6, 174, 23]": 4
          }
        }
      },
      "/Users/nanagarajan/Desktop/dynamicdesign/app/controllers/home_controller.rb": {
        "lines": [
          null,
          null,
          null,
          1,
          1,
          2,
          null,
          null
        ],
        "branches": {
        }
      },
      "/Users/nanagarajan/Desktop/dynamicdesign/app/controllers/likes_controller.rb": {
        "lines": [
          null,
          null,
          null,
          null,
          null,
          1,
          1,
          1,
          1,
          null,
          1,
          2,
          1,
          null,
          1,
          null,
          2,
          null,
          null,
          1,
          1,
          1,
          1,
          null,
          null,
          1,
          null,
          1,
          3,
          null,
          null,
          1,
          1,
          null,
          null,
          1,
          2,
          null,
          null
        ],
        "branches": {
          "[:if, 0, 12, 4, 16, 7]": {
            "[:then, 1, 13, 6, 13, 54]": 1,
            "[:else, 2, 15, 6, 15, 52]": 1
          }
        }
      },
      "/Users/nanagarajan/Desktop/dynamicdesign/app/controllers/ratings_controller.rb": {
        "lines": [
          null,
          null,
          null,
          null,
          1,
          1,
          null,
          1,
          3,
          3,
          null,
          3,
          1,
          null,
          2,
          null,
          null,
          null,
          1,
          2,
          2,
          null,
          2,
          1,
          null,
          1,
          null,
          null,
          null,
          1,
          3,
          3,
          null,
          3,
          1,
          2,
          1,
          null,
          1,
          null,
          null,
          null,
          1,
          2,
          2,
          null,
          2,
          1,
          null,
          1,
          1,
          null,
          null,
          null,
          1,
          null,
          1,
          4,
          null,
          null
        ],
        "branches": {
          "[:if, 0, 12, 4, 16, 7]": {
            "[:then, 1, 13, 6, 13, 71]": 1,
            "[:else, 2, 15, 6, 15, 29]": 2
          },
          "[:if, 3, 23, 4, 27, 7]": {
            "[:then, 4, 24, 6, 24, 63]": 1,
            "[:else, 5, 26, 6, 26, 57]": 1
          },
          "[:if, 6, 36, 4, 39, 73]": {
            "[:then, 7, 37, 6, 37, 65]": 1,
            "[:else, 8, 39, 6, 39, 73]": 1
          },
          "[:if, 9, 34, 4, 40, 7]": {
            "[:then, 10, 35, 6, 35, 53]": 1,
            "[:else, 11, 36, 4, 39, 73]": 2
          },
          "[:if, 12, 47, 4, 52, 7]": {
            "[:then, 13, 48, 6, 48, 53]": 1,
            "[:else, 14, 50, 6, 51, 65]": 1
          }
        }
      },
      "/Users/nanagarajan/Desktop/dynamicdesign/app/models/booking.rb": {
        "lines": [
          null,
          null,
          null,
          null,
          null,
          null,
          null,
          1,
          1,
          1,
          1,
          null,
          1,
          null,
          1,
          null,
          1,
          null,
          1,
          1,
          1,
          1,
          null
        ],
        "branches": {
        }
      },
      "/Users/nanagarajan/Desktop/dynamicdesign/app/models/comment.rb": {
        "lines": [
          null,
          null,
          null,
          null,
          1,
          1,
          1,
          1,
          null
        ],
        "branches": {
        }
      },
      "/Users/nanagarajan/Desktop/dynamicdesign/app/models/design.rb": {
        "lines": [
          null,
          null,
          null,
          null,
          null,
          null,
          1,
          1,
          1,
          1,
          1,
          1,
          1,
          1,
          1,
          1,
          1,
          null,
          1,
          1,
          1,
          1,
          null,
          1,
          1,
          null
        ],
        "branches": {
        }
      },
      "/Users/nanagarajan/Desktop/dynamicdesign/app/models/rating.rb": {
        "lines": [
          null,
          null,
          null,
          null,
          null,
          1,
          1,
          1,
          1,
          null
        ],
        "branches": {
        }
      },
      "/Users/nanagarajan/Desktop/dynamicdesign/app/workers/architect_worker.rb": {
        "lines": [
          null,
          null,
          1,
          null,
          null,
          null,
          1,
          1,
          1,
          null,
          1,
          2,
          2,
          null,
          1,
          null,
          null
        ],
        "branches": {
          "[:unless, 0, 13, 4, 13, 27]": {
            "[:else, 1, 13, 4, 13, 27]": 1,
            "[:then, 2, 13, 4, 13, 10]": 1
          }
        }
      },
      "/Users/nanagarajan/Desktop/dynamicdesign/app/workers/user_worker.rb": {
        "lines": [
          null,
          null,
          1,
          null,
          null,
          null,
          1,
          1,
          1,
          null,
          1,
          2,
          2,
          null,
          1,
          null,
          null
        ],
        "branches": {
          "[:unless, 0, 13, 4, 13, 22]": {
            "[:else, 1, 13, 4, 13, 22]": 1,
            "[:then, 2, 13, 4, 13, 10]": 1
          }
        }
      },
      "/Users/nanagarajan/Desktop/dynamicdesign/app/models/like.rb": {
        "lines": [
          null,
          null,
          null,
          null,
          1,
          1,
          1,
          null
        ],
        "branches": {
        }
      },
      "/Users/nanagarajan/Desktop/dynamicdesign/app/controllers/architect/registrations_controller.rb": {
        "lines": [
          null,
          null,
          null,
          null,
          null,
          null,
          null,
          null,
          null,
          null,
          null,
          null,
          null,
          null,
          null,
          null,
          null,
          null,
          null,
          null,
          null,
          null,
          null,
          null,
          null,
          null,
          null,
          null,
          null,
          null,
          null,
          null,
          null,
          null,
          null,
          null,
          null,
          null,
          null,
          null,
          null,
          null,
          null,
          null,
          null,
          null,
          null,
          null,
          null,
          null,
          null,
          null,
          null,
          null,
          null,
          null,
          null,
          null,
          null,
          null,
          null,
          null,
          null,
          null,
          null,
          null,
          null,
          null,
          null,
          null
        ],
        "branches": {
        }
      },
      "/Users/nanagarajan/Desktop/dynamicdesign/app/controllers/users/registrations_controller.rb": {
        "lines": [
          null,
          null,
          null,
          null,
          null,
          null,
          null,
          null,
          null,
          null,
          null,
          null,
          null,
          null,
          null,
          null,
          null,
          null,
          null,
          null,
          null,
          null,
          null,
          null,
          null,
          null,
          null,
          null,
          null,
          null,
          null,
          null,
          null,
          null,
          null,
          null,
          null,
          null,
          null,
          null,
          null,
          null,
          null,
          null,
          null,
          null,
          null,
          null,
          null,
          null,
          null,
          null,
          null,
          null,
          null,
          null,
          null,
          null,
          null,
          null,
          null,
          null,
          null,
          null,
          null,
          null,
          null,
          null,
          null,
          null
        ],
        "branches": {
        }
      }
    },
    "timestamp": 1707911012
  }
}
